TN:
SF:src/file-crawler.ts
FN:17,(anonymous_9)
FN:33,(anonymous_10)
FN:43,(anonymous_11)
FN:67,(anonymous_12)
FN:77,(anonymous_13)
FN:88,(anonymous_14)
FN:151,(anonymous_15)
FN:153,(anonymous_16)
FNF:8
FNH:4
FNDA:14,(anonymous_9)
FNDA:0,(anonymous_10)
FNDA:0,(anonymous_11)
FNDA:0,(anonymous_12)
FNDA:0,(anonymous_13)
FNDA:4,(anonymous_14)
FNDA:19,(anonymous_15)
FNDA:6,(anonymous_16)
DA:1,2
DA:2,2
DA:3,2
DA:9,2
DA:10,14
DA:11,14
DA:18,14
DA:19,4
DA:20,4
DA:22,1
DA:23,1
DA:34,0
DA:35,0
DA:36,0
DA:44,0
DA:45,0
DA:47,0
DA:48,0
DA:50,0
DA:51,0
DA:52,0
DA:54,0
DA:55,0
DA:58,0
DA:68,0
DA:69,0
DA:78,0
DA:79,0
DA:89,4
DA:97,4
DA:98,4
DA:101,4
DA:103,4
DA:104,8
DA:105,8
DA:107,8
DA:108,8
DA:111,8
DA:112,11
DA:114,11
DA:115,7
DA:122,7
DA:123,7
DA:124,7
DA:126,4
DA:131,8
DA:132,8
DA:138,8
DA:142,4
DA:144,4
DA:152,19
DA:153,11
DA:155,6
DA:156,3
DA:159,3
DA:163,11
DA:164,15
LF:57
LH:40
BRDA:18,0,0,4
BRDA:18,1,0,14
BRDA:18,1,1,4
BRDA:47,2,0,0
BRDA:47,2,1,0
BRDA:54,3,0,0
BRDA:54,4,0,0
BRDA:54,4,1,0
BRDA:54,4,2,0
BRDA:69,5,0,0
BRDA:69,5,1,0
BRDA:90,6,0,4
BRDA:90,6,1,0
BRDA:114,7,0,7
BRDA:114,7,1,4
BRDA:152,8,0,11
BRDA:155,9,0,3
BRDA:156,10,0,1
BRDA:156,10,1,2
BRF:19
BRH:10
end_of_record
TN:
SF:src/html-generator.ts
FN:15,(anonymous_9)
FN:235,(anonymous_10)
FN:255,(anonymous_11)
FN:295,(anonymous_12)
FN:298,(anonymous_13)
FN:328,(anonymous_14)
FN:351,(anonymous_15)
FN:359,(anonymous_16)
FN:362,(anonymous_17)
FNF:9
FNH:9
FNDA:8,(anonymous_9)
FNDA:8,(anonymous_10)
FNDA:8,(anonymous_11)
FNDA:8,(anonymous_12)
FNDA:6,(anonymous_13)
FNDA:1,(anonymous_14)
FNDA:6,(anonymous_15)
FNDA:8,(anonymous_16)
FNDA:16,(anonymous_17)
DA:1,2
DA:8,2
DA:26,8
DA:29,8
DA:223,8
DA:224,8
DA:225,8
DA:226,8
DA:227,8
DA:229,8
DA:236,8
DA:238,8
DA:239,2
DA:242,8
DA:243,2
DA:244,2
DA:247,8
DA:249,8
DA:256,8
DA:257,8
DA:259,8
DA:260,4
DA:261,2
DA:265,2
DA:268,4
DA:269,6
DA:270,6
DA:272,6
DA:282,4
DA:284,4
DA:285,2
DA:289,8
DA:296,8
DA:298,8
DA:299,6
DA:300,4
DA:301,2
DA:303,4
DA:304,2
DA:305,2
DA:306,2
DA:307,2
DA:308,2
DA:309,2
DA:311,2
DA:313,0
DA:314,0
DA:320,8
DA:321,8
DA:322,6
DA:327,8
DA:328,8
DA:329,1
DA:330,1
DA:333,1
DA:334,0
DA:338,1
DA:341,8
DA:342,4
DA:345,8
DA:353,6
DA:360,8
DA:362,8
DA:363,16
DA:364,6
DA:365,10
DA:366,10
DA:367,8
DA:372,8
DA:373,8
LF:70
LH:67
BRDA:15,0,0,6
BRDA:22,1,0,7
BRDA:23,2,0,6
BRDA:24,3,0,6
BRDA:25,4,0,6
BRDA:238,5,0,2
BRDA:242,6,0,2
BRDA:260,7,0,2
BRDA:260,7,1,2
BRDA:284,8,0,2
BRDA:298,9,0,6
BRDA:298,10,0,6
BRDA:299,11,0,4
BRDA:299,11,1,2
BRDA:300,12,0,2
BRDA:304,13,0,2
BRDA:306,14,0,2
BRDA:306,14,1,0
BRDA:307,15,0,2
BRDA:307,15,1,0
BRDA:308,16,0,2
BRDA:313,17,0,0
BRDA:313,17,1,0
BRDA:320,18,0,8
BRDA:329,19,0,0
BRDA:329,19,1,1
BRDA:330,20,0,0
BRDA:330,20,1,1
BRDA:333,21,0,0
BRDA:353,22,0,6
BRDA:353,22,1,0
BRDA:363,23,0,6
BRDA:363,23,1,10
BRDA:365,24,0,10
BRF:34
BRH:26
end_of_record
TN:
SF:src/index.ts
FN:13,run
FN:75,(anonymous_10)
FNF:2
FNH:1
FNDA:2,run
FNDA:0,(anonymous_10)
DA:1,1
DA:2,1
DA:3,1
DA:4,1
DA:5,1
DA:6,1
DA:7,1
DA:13,1
DA:14,2
DA:16,2
DA:17,0
DA:18,0
DA:20,0
DA:21,0
DA:22,0
DA:23,0
DA:27,0
DA:28,0
DA:31,0
DA:32,0
DA:34,0
DA:36,0
DA:37,0
DA:38,0
DA:39,0
DA:40,0
DA:41,0
DA:45,0
DA:48,0
DA:50,0
DA:58,0
DA:59,0
DA:60,0
DA:61,0
DA:65,0
DA:66,0
DA:69,0
DA:70,0
DA:71,0
DA:74,0
DA:75,0
DA:77,0
DA:78,0
DA:79,0
DA:81,0
DA:82,0
DA:83,0
DA:86,2
DA:91,1
DA:92,0
LF:50
LH:12
BRDA:16,0,0,2
BRDA:16,0,1,0
BRDA:17,1,0,0
BRDA:17,1,1,0
BRDA:18,2,0,0
BRDA:18,2,1,0
BRDA:22,3,0,0
BRDA:36,4,0,0
BRDA:59,5,0,0
BRDA:59,6,0,0
BRDA:59,6,1,0
BRDA:86,7,0,1
BRDA:86,7,1,1
BRDA:91,8,0,0
BRF:14
BRH:3
end_of_record
TN:
SF:src/tree-formatter.ts
FN:13,(anonymous_0)
FN:45,(anonymous_1)
FNF:2
FNH:2
FNDA:7,(anonymous_0)
FNDA:2,(anonymous_1)
DA:6,2
DA:14,7
DA:17,7
DA:18,4
DA:21,7
DA:22,7
DA:23,8
DA:24,8
DA:25,8
DA:26,8
DA:28,8
DA:30,8
DA:31,3
DA:36,7
DA:46,2
LF:15
LH:15
BRDA:13,0,0,4
BRDA:17,1,0,4
BRDA:18,2,0,4
BRDA:18,2,1,0
BRDA:21,3,0,7
BRDA:25,4,0,6
BRDA:25,4,1,2
BRDA:26,5,0,6
BRDA:26,5,1,2
BRDA:28,6,0,3
BRDA:28,6,1,5
BRDA:30,7,0,3
BRDA:30,8,0,8
BRDA:30,8,1,3
BRDA:45,9,0,1
BRDA:46,10,0,1
BRDA:46,10,1,1
BRF:17
BRH:16
end_of_record
