TN:
SF:src/file-crawler.ts
FN:17,(anonymous_9)
FN:33,(anonymous_10)
FN:43,(anonymous_11)
FN:67,(anonymous_12)
FN:77,(anonymous_13)
FN:88,(anonymous_14)
FN:151,(anonymous_15)
FN:153,(anonymous_16)
FNF:8
FNH:4
FNDA:14,(anonymous_9)
FNDA:0,(anonymous_10)
FNDA:0,(anonymous_11)
FNDA:0,(anonymous_12)
FNDA:0,(anonymous_13)
FNDA:4,(anonymous_14)
FNDA:19,(anonymous_15)
FNDA:6,(anonymous_16)
DA:1,2
DA:2,2
DA:3,2
DA:9,2
DA:10,14
DA:11,14
DA:18,14
DA:19,4
DA:20,4
DA:22,1
DA:23,1
DA:34,0
DA:35,0
DA:36,0
DA:44,0
DA:45,0
DA:47,0
DA:48,0
DA:50,0
DA:51,0
DA:52,0
DA:54,0
DA:55,0
DA:58,0
DA:68,0
DA:69,0
DA:78,0
DA:79,0
DA:89,4
DA:97,4
DA:98,4
DA:101,4
DA:103,4
DA:104,8
DA:105,8
DA:107,8
DA:108,8
DA:111,8
DA:112,11
DA:114,11
DA:115,7
DA:122,7
DA:123,7
DA:124,7
DA:126,4
DA:131,8
DA:132,8
DA:138,8
DA:142,4
DA:144,4
DA:152,19
DA:153,11
DA:155,6
DA:156,3
DA:159,3
DA:163,11
DA:164,15
LF:57
LH:40
BRDA:18,0,0,4
BRDA:18,1,0,14
BRDA:18,1,1,4
BRDA:47,2,0,0
BRDA:47,2,1,0
BRDA:54,3,0,0
BRDA:54,4,0,0
BRDA:54,4,1,0
BRDA:54,4,2,0
BRDA:69,5,0,0
BRDA:69,5,1,0
BRDA:90,6,0,4
BRDA:90,6,1,0
BRDA:114,7,0,7
BRDA:114,7,1,4
BRDA:152,8,0,11
BRDA:155,9,0,3
BRDA:156,10,0,1
BRDA:156,10,1,2
BRF:19
BRH:10
end_of_record
TN:
SF:src/html-generator.ts
FN:15,(anonymous_9)
FN:43,(anonymous_10)
FN:63,(anonymous_11)
FN:103,(anonymous_12)
FN:106,(anonymous_13)
FN:136,(anonymous_14)
FN:153,(anonymous_15)
FN:161,(anonymous_16)
FN:164,(anonymous_17)
FNF:9
FNH:9
FNDA:8,(anonymous_9)
FNDA:8,(anonymous_10)
FNDA:8,(anonymous_11)
FNDA:8,(anonymous_12)
FNDA:6,(anonymous_13)
FNDA:1,(anonymous_14)
FNDA:6,(anonymous_15)
FNDA:8,(anonymous_16)
FNDA:16,(anonymous_17)
DA:1,2
DA:3,2
DA:8,2
DA:26,8
DA:29,8
DA:37,8
DA:44,8
DA:46,8
DA:47,2
DA:50,8
DA:51,2
DA:52,2
DA:55,8
DA:57,8
DA:64,8
DA:65,8
DA:67,8
DA:68,4
DA:69,2
DA:73,2
DA:76,4
DA:77,6
DA:78,6
DA:80,6
DA:90,4
DA:92,4
DA:93,2
DA:97,8
DA:104,8
DA:106,8
DA:107,6
DA:108,4
DA:109,2
DA:111,4
DA:112,2
DA:113,2
DA:114,2
DA:115,2
DA:116,2
DA:117,2
DA:119,2
DA:121,0
DA:122,0
DA:128,8
DA:129,8
DA:130,6
DA:135,8
DA:136,8
DA:138,1
DA:139,1
DA:140,1
DA:143,8
DA:144,4
DA:147,8
DA:155,6
DA:162,8
DA:164,8
DA:165,16
DA:166,6
DA:167,10
DA:168,10
DA:169,8
DA:174,8
DA:175,8
LF:64
LH:62
BRDA:15,0,0,6
BRDA:22,1,0,7
BRDA:23,2,0,6
BRDA:24,3,0,6
BRDA:25,4,0,6
BRDA:46,5,0,2
BRDA:50,6,0,2
BRDA:68,7,0,2
BRDA:68,7,1,2
BRDA:92,8,0,2
BRDA:106,9,0,6
BRDA:106,10,0,6
BRDA:107,11,0,4
BRDA:107,11,1,2
BRDA:108,12,0,2
BRDA:112,13,0,2
BRDA:114,14,0,2
BRDA:114,14,1,0
BRDA:115,15,0,2
BRDA:115,15,1,0
BRDA:116,16,0,2
BRDA:121,17,0,0
BRDA:121,17,1,0
BRDA:128,18,0,8
BRDA:138,19,0,0
BRDA:139,20,0,0
BRDA:155,21,0,6
BRDA:155,21,1,0
BRDA:165,22,0,6
BRDA:165,22,1,10
BRDA:167,23,0,10
BRF:31
BRH:24
end_of_record
TN:
SF:src/index.ts
FN:13,run
FN:75,(anonymous_10)
FNF:2
FNH:1
FNDA:2,run
FNDA:0,(anonymous_10)
DA:1,1
DA:2,1
DA:3,1
DA:4,1
DA:5,1
DA:6,1
DA:7,1
DA:13,1
DA:14,2
DA:16,2
DA:17,0
DA:18,0
DA:20,0
DA:21,0
DA:22,0
DA:23,0
DA:27,0
DA:28,0
DA:31,0
DA:32,0
DA:34,0
DA:36,0
DA:37,0
DA:38,0
DA:39,0
DA:40,0
DA:41,0
DA:45,0
DA:48,0
DA:50,0
DA:58,0
DA:59,0
DA:60,0
DA:61,0
DA:65,0
DA:66,0
DA:69,0
DA:70,0
DA:71,0
DA:74,0
DA:75,0
DA:77,0
DA:78,0
DA:79,0
DA:81,0
DA:82,0
DA:83,0
DA:86,2
DA:91,1
DA:92,0
LF:50
LH:12
BRDA:16,0,0,2
BRDA:16,0,1,0
BRDA:17,1,0,0
BRDA:17,1,1,0
BRDA:18,2,0,0
BRDA:18,2,1,0
BRDA:22,3,0,0
BRDA:36,4,0,0
BRDA:59,5,0,0
BRDA:59,6,0,0
BRDA:59,6,1,0
BRDA:86,7,0,1
BRDA:86,7,1,1
BRDA:91,8,0,0
BRF:14
BRH:3
end_of_record
TN:
SF:src/tree-formatter.ts
FN:13,(anonymous_0)
FN:45,(anonymous_1)
FNF:2
FNH:2
FNDA:7,(anonymous_0)
FNDA:2,(anonymous_1)
DA:6,2
DA:14,7
DA:17,7
DA:18,4
DA:21,7
DA:22,7
DA:23,8
DA:24,8
DA:25,8
DA:26,8
DA:28,8
DA:30,8
DA:31,3
DA:36,7
DA:46,2
LF:15
LH:15
BRDA:13,0,0,4
BRDA:17,1,0,4
BRDA:18,2,0,4
BRDA:18,2,1,0
BRDA:21,3,0,7
BRDA:25,4,0,6
BRDA:25,4,1,2
BRDA:26,5,0,6
BRDA:26,5,1,2
BRDA:28,6,0,3
BRDA:28,6,1,5
BRDA:30,7,0,3
BRDA:30,8,0,8
BRDA:30,8,1,3
BRDA:45,9,0,1
BRDA:46,10,0,1
BRDA:46,10,1,1
BRF:17
BRH:16
end_of_record
TN:
SF:src/compiled-templates/index-template.ts
FN:13,(anonymous_0)
FN:14,(anonymous_1)
FN:19,(anonymous_2)
FN:23,(anonymous_3)
FN:29,(anonymous_4)
FN:40,(anonymous_5)
FN:54,(anonymous_6)
FN:55,(anonymous_7)
FNF:8
FNH:5
FNDA:2,(anonymous_0)
FNDA:8,(anonymous_1)
FNDA:0,(anonymous_2)
FNDA:64,(anonymous_3)
FNDA:16,(anonymous_4)
FNDA:0,(anonymous_5)
FNDA:8,(anonymous_6)
FNDA:0,(anonymous_7)
DA:12,2
DA:14,2
DA:15,8
DA:20,0
DA:24,64
DA:25,32
DA:27,32
DA:30,16
DA:31,0
DA:32,0
DA:33,0
DA:34,0
DA:35,0
DA:36,0
DA:38,0
DA:40,16
DA:41,0
DA:48,0
DA:54,2
DA:55,8
DA:56,0
DA:57,0
DA:59,0
DA:62,8
DA:74,2
LF:25
LH:12
BRDA:24,0,0,32
BRDA:30,1,0,0
BRDA:31,2,0,0
BRDA:31,2,1,0
BRDA:31,3,0,0
BRDA:31,3,1,0
BRDA:33,4,0,0
BRDA:33,4,1,0
BRDA:35,5,0,0
BRDA:55,6,0,8
BRDA:55,6,1,0
BRDA:55,7,0,0
BRDA:55,7,1,0
BRDA:55,8,0,8
BRDA:55,8,1,0
BRDA:56,9,0,0
BRDA:63,10,0,8
BRDA:63,10,1,0
BRDA:63,11,0,8
BRDA:63,11,1,8
BRDA:63,12,0,8
BRDA:63,12,1,0
BRDA:63,13,0,0
BRDA:63,13,1,8
BRDA:65,14,0,8
BRDA:65,14,1,0
BRDA:65,15,0,8
BRDA:65,15,1,8
BRDA:65,16,0,8
BRDA:65,16,1,0
BRDA:65,17,0,0
BRDA:65,17,1,8
BRDA:67,18,0,8
BRDA:67,18,1,0
BRDA:67,19,0,8
BRDA:67,19,1,0
BRDA:67,20,0,8
BRDA:67,20,1,8
BRDA:67,21,0,8
BRDA:67,21,1,0
BRDA:67,22,0,0
BRDA:67,22,1,8
BRDA:69,23,0,8
BRDA:69,23,1,0
BRDA:69,24,0,8
BRDA:69,24,1,0
BRDA:69,25,0,8
BRDA:69,25,1,8
BRDA:69,26,0,8
BRDA:69,26,1,0
BRDA:69,27,0,0
BRDA:69,27,1,8
BRF:52
BRH:25
end_of_record
TN:
SF:src/compiled-templates/index.ts
FN:1,(anonymous_0)
FNF:1
FNH:1
FNDA:8,(anonymous_0)
DA:1,10
LF:1
LH:1
BRF:0
BRH:0
end_of_record
